0 info it worked if it ends with ok
1 verbose cli [ 'node',
1 verbose cli   '/usr/local/bin/npm',
1 verbose cli   'install',
1 verbose cli   '-g',
1 verbose cli   'hubot',
1 verbose cli   'coffee-script',
1 verbose cli   'yo',
1 verbose cli   'generator-hubot' ]
2 info using npm@1.4.28
3 info using node@v0.10.33
4 verbose cache add [ 'hubot', null ]
5 verbose cache add name=undefined spec="hubot" args=["hubot",null]
6 verbose parsed url { protocol: null,
6 verbose parsed url   slashes: null,
6 verbose parsed url   auth: null,
6 verbose parsed url   host: null,
6 verbose parsed url   port: null,
6 verbose parsed url   hostname: null,
6 verbose parsed url   hash: null,
6 verbose parsed url   search: null,
6 verbose parsed url   query: null,
6 verbose parsed url   pathname: 'hubot',
6 verbose parsed url   path: 'hubot',
6 verbose parsed url   href: 'hubot' }
7 verbose cache add [ 'coffee-script', null ]
8 verbose cache add name=undefined spec="coffee-script" args=["coffee-script",null]
9 verbose parsed url { protocol: null,
9 verbose parsed url   slashes: null,
9 verbose parsed url   auth: null,
9 verbose parsed url   host: null,
9 verbose parsed url   port: null,
9 verbose parsed url   hostname: null,
9 verbose parsed url   hash: null,
9 verbose parsed url   search: null,
9 verbose parsed url   query: null,
9 verbose parsed url   pathname: 'coffee-script',
9 verbose parsed url   path: 'coffee-script',
9 verbose parsed url   href: 'coffee-script' }
10 verbose cache add [ 'yo', null ]
11 verbose cache add name=undefined spec="yo" args=["yo",null]
12 verbose parsed url { protocol: null,
12 verbose parsed url   slashes: null,
12 verbose parsed url   auth: null,
12 verbose parsed url   host: null,
12 verbose parsed url   port: null,
12 verbose parsed url   hostname: null,
12 verbose parsed url   hash: null,
12 verbose parsed url   search: null,
12 verbose parsed url   query: null,
12 verbose parsed url   pathname: 'yo',
12 verbose parsed url   path: 'yo',
12 verbose parsed url   href: 'yo' }
13 verbose cache add [ 'generator-hubot', null ]
14 verbose cache add name=undefined spec="generator-hubot" args=["generator-hubot",null]
15 verbose parsed url { protocol: null,
15 verbose parsed url   slashes: null,
15 verbose parsed url   auth: null,
15 verbose parsed url   host: null,
15 verbose parsed url   port: null,
15 verbose parsed url   hostname: null,
15 verbose parsed url   hash: null,
15 verbose parsed url   search: null,
15 verbose parsed url   query: null,
15 verbose parsed url   pathname: 'generator-hubot',
15 verbose parsed url   path: 'generator-hubot',
15 verbose parsed url   href: 'generator-hubot' }
16 silly lockFile e868925b-hubot hubot
17 verbose lock hubot /Users/Michael/.npm/e868925b-hubot.lock
18 silly lockFile ab358269-coffee-script coffee-script
19 verbose lock coffee-script /Users/Michael/.npm/ab358269-coffee-script.lock
20 silly lockFile c41975d1-yo yo
21 verbose lock yo /Users/Michael/.npm/c41975d1-yo.lock
22 silly lockFile a99f4c03-generator-hubot generator-hubot
23 verbose lock generator-hubot /Users/Michael/.npm/a99f4c03-generator-hubot.lock
24 silly lockFile e868925b-hubot hubot
25 silly lockFile e868925b-hubot hubot
26 silly lockFile ab358269-coffee-script coffee-script
27 silly lockFile ab358269-coffee-script coffee-script
28 silly lockFile c41975d1-yo yo
29 silly lockFile c41975d1-yo yo
30 verbose addNamed [ 'hubot', '' ]
31 verbose addNamed [ null, '*' ]
32 silly lockFile 8fa1a24a-hubot hubot@
33 verbose lock hubot@ /Users/Michael/.npm/8fa1a24a-hubot.lock
34 silly lockFile a99f4c03-generator-hubot generator-hubot
35 silly lockFile a99f4c03-generator-hubot generator-hubot
36 verbose addNamed [ 'coffee-script', '' ]
37 verbose addNamed [ null, '*' ]
38 silly lockFile 53951495-coffee-script coffee-script@
39 verbose lock coffee-script@ /Users/Michael/.npm/53951495-coffee-script.lock
40 verbose addNamed [ 'yo', '' ]
41 verbose addNamed [ null, '*' ]
42 silly lockFile d937c28e-yo yo@
43 verbose lock yo@ /Users/Michael/.npm/d937c28e-yo.lock
44 verbose addNamed [ 'generator-hubot', '' ]
45 verbose addNamed [ null, '*' ]
46 silly lockFile c9293273-generator-hubot generator-hubot@
47 verbose lock generator-hubot@ /Users/Michael/.npm/c9293273-generator-hubot.lock
48 silly addNameRange { name: 'hubot', range: '*', hasData: false }
49 silly addNameRange { name: 'coffee-script', range: '*', hasData: false }
50 silly addNameRange { name: 'yo', range: '*', hasData: false }
51 silly addNameRange { name: 'generator-hubot', range: '*', hasData: false }
52 verbose registry.get https://registry.npmjs.org/hubot not expired, no request
53 silly addNameRange number 2 { name: 'hubot', range: '*', hasData: true }
54 silly addNameRange versions [ 'hubot',
54 silly addNameRange   [ '1.0.0',
54 silly addNameRange     '1.0.2',
54 silly addNameRange     '1.0.3',
54 silly addNameRange     '1.0.4',
54 silly addNameRange     '1.0.5',
54 silly addNameRange     '1.0.6',
54 silly addNameRange     '1.1.0',
54 silly addNameRange     '1.1.1',
54 silly addNameRange     '1.1.2',
54 silly addNameRange     '1.1.3',
54 silly addNameRange     '1.1.4',
54 silly addNameRange     '1.1.5',
54 silly addNameRange     '1.1.6',
54 silly addNameRange     '1.1.7',
54 silly addNameRange     '1.1.8',
54 silly addNameRange     '1.1.9',
54 silly addNameRange     '1.1.10',
54 silly addNameRange     '1.1.11',
54 silly addNameRange     '2.0.2',
54 silly addNameRange     '2.0.4',
54 silly addNameRange     '2.0.5',
54 silly addNameRange     '2.0.6',
54 silly addNameRange     '2.0.7',
54 silly addNameRange     '2.1.0',
54 silly addNameRange     '2.1.1',
54 silly addNameRange     '2.1.2',
54 silly addNameRange     '2.1.3',
54 silly addNameRange     '2.1.4',
54 silly addNameRange     '2.2.0',
54 silly addNameRange     '2.2.1',
54 silly addNameRange     '2.3.0',
54 silly addNameRange     '2.3.2',
54 silly addNameRange     '2.3.3',
54 silly addNameRange     '2.3.4',
54 silly addNameRange     '2.3.5',
54 silly addNameRange     '2.4.0',
54 silly addNameRange     '2.4.1',
54 silly addNameRange     '2.4.2',
54 silly addNameRange     '2.4.4',
54 silly addNameRange     '2.4.5',
54 silly addNameRange     '2.4.6',
54 silly addNameRange     '2.4.7',
54 silly addNameRange     '2.4.8',
54 silly addNameRange     '2.5.0',
54 silly addNameRange     '2.5.1',
54 silly addNameRange     '2.5.2',
54 silly addNameRange     '2.5.3',
54 silly addNameRange     '2.5.4',
54 silly addNameRange     '2.5.5',
54 silly addNameRange     '2.6.0',
54 silly addNameRange     '2.6.1',
54 silly addNameRange     '2.6.2',
54 silly addNameRange     '2.6.3',
54 silly addNameRange     '2.6.4',
54 silly addNameRange     '2.6.5',
54 silly addNameRange     '2.7.0',
54 silly addNameRange     '2.7.1',
54 silly addNameRange     '2.7.2',
54 silly addNameRange     '2.7.3',
54 silly addNameRange     '2.7.4',
54 silly addNameRange     '2.7.5',
54 silly addNameRange     '2.8.0',
54 silly addNameRange     '2.8.1',
54 silly addNameRange     '2.8.2-beta1',
54 silly addNameRange     '2.8.2',
54 silly addNameRange     '2.8.3-beta',
54 silly addNameRange     '2.8.3',
54 silly addNameRange     '2.9.0',
54 silly addNameRange     '2.9.3',
54 silly addNameRange     '2.10.0',
54 silly addNameRange     '2.11.0',
54 silly addNameRange     '2.11.1',
54 silly addNameRange     '2.11.2',
54 silly addNameRange     '2.11.3',
54 silly addNameRange     '2.11.4',
54 silly addNameRange     '2.12.0' ] ]
55 verbose addNamed [ 'hubot', '2.12.0' ]
56 verbose addNamed [ '2.12.0', '2.12.0' ]
57 silly lockFile 37e8f17e-hubot-2-12-0 hubot@2.12.0
58 verbose lock hubot@2.12.0 /Users/Michael/.npm/37e8f17e-hubot-2-12-0.lock
59 verbose registry.get https://registry.npmjs.org/coffee-script not expired, no request
60 silly addNameRange number 2 { name: 'coffee-script', range: '*', hasData: true }
61 silly addNameRange versions [ 'coffee-script',
61 silly addNameRange   [ '0.7.0',
61 silly addNameRange     '0.7.1',
61 silly addNameRange     '0.7.2',
61 silly addNameRange     '0.9.0',
61 silly addNameRange     '0.9.1',
61 silly addNameRange     '0.9.2',
61 silly addNameRange     '0.9.3',
61 silly addNameRange     '0.9.4',
61 silly addNameRange     '0.9.5',
61 silly addNameRange     '0.9.6',
61 silly addNameRange     '1.0.0',
61 silly addNameRange     '1.0.1',
61 silly addNameRange     '1.1.0',
61 silly addNameRange     '1.1.1',
61 silly addNameRange     '1.1.2',
61 silly addNameRange     '1.1.3',
61 silly addNameRange     '1.2.0',
61 silly addNameRange     '1.3.0',
61 silly addNameRange     '1.3.1',
61 silly addNameRange     '1.3.2',
61 silly addNameRange     '1.3.3',
61 silly addNameRange     '1.4.0',
61 silly addNameRange     '1.5.0',
61 silly addNameRange     '1.6.0',
61 silly addNameRange     '1.6.1',
61 silly addNameRange     '1.6.2',
61 silly addNameRange     '1.6.3',
61 silly addNameRange     '1.7.0',
61 silly addNameRange     '1.7.1',
61 silly addNameRange     '1.8.0',
61 silly addNameRange     '1.9.0',
61 silly addNameRange     '1.9.1',
61 silly addNameRange     '1.9.2' ] ]
62 verbose addNamed [ 'coffee-script', '1.9.2' ]
63 verbose addNamed [ '1.9.2', '1.9.2' ]
64 silly lockFile 23048476-coffee-script-1-9-2 coffee-script@1.9.2
65 verbose lock coffee-script@1.9.2 /Users/Michael/.npm/23048476-coffee-script-1-9-2.lock
66 verbose registry.get https://registry.npmjs.org/yo not expired, no request
67 silly addNameRange number 2 { name: 'yo', range: '*', hasData: true }
68 silly addNameRange versions [ 'yo',
68 silly addNameRange   [ '1.1.0',
68 silly addNameRange     '1.1.1',
68 silly addNameRange     '1.1.2',
68 silly addNameRange     '1.2.0',
68 silly addNameRange     '1.2.1',
68 silly addNameRange     '1.3.0',
68 silly addNameRange     '1.3.2',
68 silly addNameRange     '1.3.3',
68 silly addNameRange     '1.4.6' ] ]
69 verbose addNamed [ 'yo', '1.4.6' ]
70 verbose addNamed [ '1.4.6', '1.4.6' ]
71 silly lockFile 10fcef76-yo-1-4-6 yo@1.4.6
72 verbose lock yo@1.4.6 /Users/Michael/.npm/10fcef76-yo-1-4-6.lock
73 verbose registry.get https://registry.npmjs.org/generator-hubot not expired, no request
74 silly addNameRange number 2 { name: 'generator-hubot', range: '*', hasData: true }
75 silly addNameRange versions [ 'generator-hubot',
75 silly addNameRange   [ '0.1.0',
75 silly addNameRange     '0.1.1',
75 silly addNameRange     '0.1.2',
75 silly addNameRange     '0.1.3',
75 silly addNameRange     '0.1.4',
75 silly addNameRange     '0.2.0',
75 silly addNameRange     '0.2.1',
75 silly addNameRange     '0.2.2',
75 silly addNameRange     '0.2.3',
75 silly addNameRange     '0.2.4',
75 silly addNameRange     '0.2.5',
75 silly addNameRange     '0.3.0' ] ]
76 verbose addNamed [ 'generator-hubot', '0.3.0' ]
77 verbose addNamed [ '0.3.0', '0.3.0' ]
78 silly lockFile 16307811-generator-hubot-0-3-0 generator-hubot@0.3.0
79 verbose lock generator-hubot@0.3.0 /Users/Michael/.npm/16307811-generator-hubot-0-3-0.lock
80 silly lockFile 37e8f17e-hubot-2-12-0 hubot@2.12.0
81 silly lockFile 37e8f17e-hubot-2-12-0 hubot@2.12.0
82 silly lockFile 10fcef76-yo-1-4-6 yo@1.4.6
83 silly lockFile 10fcef76-yo-1-4-6 yo@1.4.6
84 silly lockFile 23048476-coffee-script-1-9-2 coffee-script@1.9.2
85 silly lockFile 23048476-coffee-script-1-9-2 coffee-script@1.9.2
86 silly lockFile 8fa1a24a-hubot hubot@
87 silly lockFile 8fa1a24a-hubot hubot@
88 silly lockFile d937c28e-yo yo@
89 silly lockFile d937c28e-yo yo@
90 silly lockFile 53951495-coffee-script coffee-script@
91 silly lockFile 53951495-coffee-script coffee-script@
92 silly lockFile 16307811-generator-hubot-0-3-0 generator-hubot@0.3.0
93 silly lockFile 16307811-generator-hubot-0-3-0 generator-hubot@0.3.0
94 silly lockFile c9293273-generator-hubot generator-hubot@
95 silly lockFile c9293273-generator-hubot generator-hubot@
96 silly resolved [ { name: 'hubot',
96 silly resolved     version: '2.12.0',
96 silly resolved     author: { name: 'hubot' },
96 silly resolved     keywords: [ 'github', 'hubot', 'campfire', 'bot' ],
96 silly resolved     description: 'A simple helpful robot for your Company',
96 silly resolved     licenses: [ [Object] ],
96 silly resolved     repository: { type: 'git', url: 'https://github.com/github/hubot.git' },
96 silly resolved     dependencies:
96 silly resolved      { chalk: '^1.0.0',
96 silly resolved        cline: '^0.8.2',
96 silly resolved        'coffee-script': '1.6.3',
96 silly resolved        'connect-multiparty': '^1.2.5',
96 silly resolved        express: '3.18.1',
96 silly resolved        log: '1.4.0',
96 silly resolved        optparse: '1.0.4',
96 silly resolved        'scoped-http-client': '0.10.3' },
96 silly resolved     devDependencies:
96 silly resolved      { 'hubot-mock-adapter': '^1.0.0',
96 silly resolved        mocha: '^2.1.0',
96 silly resolved        mockery: '^1.4.0',
96 silly resolved        'sinon-chai': '^2.6.0' },
96 silly resolved     engines: { node: '>= 0.8.x', npm: '>= 1.1.x' },
96 silly resolved     main: './index',
96 silly resolved     bin: { hubot: './bin/hubot' },
96 silly resolved     scripts: { test: './script/test' },
96 silly resolved     gitHead: 'de5e6cddc3f747c1c4f8e562ba0c0c841a6bdd64',
96 silly resolved     bugs: { url: 'https://github.com/github/hubot/issues' },
96 silly resolved     homepage: 'https://github.com/github/hubot',
96 silly resolved     _id: 'hubot@2.12.0',
96 silly resolved     _shasum: 'bf67686741740f41ba09a6a1d5b269ca66d5933d',
96 silly resolved     _from: 'hubot@',
96 silly resolved     _npmVersion: '2.1.11',
96 silly resolved     _nodeVersion: '0.10.21',
96 silly resolved     _npmUser: { name: 'technicalpickles', email: 'josh@technicalpickles.com' },
96 silly resolved     maintainers: [ [Object], [Object], [Object], [Object] ],
96 silly resolved     dist:
96 silly resolved      { shasum: 'bf67686741740f41ba09a6a1d5b269ca66d5933d',
96 silly resolved        tarball: 'http://registry.npmjs.org/hubot/-/hubot-2.12.0.tgz' },
96 silly resolved     directories: {},
96 silly resolved     _resolved: 'https://registry.npmjs.org/hubot/-/hubot-2.12.0.tgz',
96 silly resolved     readme: 'ERROR: No README data found!' },
96 silly resolved   { name: 'yo',
96 silly resolved     version: '1.4.6',
96 silly resolved     description: 'CLI tool for running Yeoman generators',
96 silly resolved     license: 'BSD',
96 silly resolved     bin: { yo: 'lib/cli.js' },
96 silly resolved     author: { name: 'Yeoman team' },
96 silly resolved     repository: { type: 'git', url: 'https://github.com/yeoman/yo' },
96 silly resolved     engines: { node: '>=0.10.0', npm: '>=2.1.0' },
96 silly resolved     scripts:
96 silly resolved      { test: 'jshint . && mocha test/**/*.js',
96 silly resolved        postinstall: 'yodoctor',
96 silly resolved        postupdate: 'yodoctor',
96 silly resolved        prepublish: 'nsp audit-package' },
96 silly resolved     files: [ 'lib' ],
96 silly resolved     keywords:
96 silly resolved      [ 'cli-app',
96 silly resolved        'cli',
96 silly resolved        'bin',
96 silly resolved        'front-end',
96 silly resolved        'development',
96 silly resolved        'dev',
96 silly resolved        'build',
96 silly resolved        'web',
96 silly resolved        'tool',
96 silly resolved        'scaffold',
96 silly resolved        'stack',
96 silly resolved        'yeoman',
96 silly resolved        'generator',
96 silly resolved        'generate',
96 silly resolved        'app',
96 silly resolved        'boilerplate' ],
96 silly resolved     dependencies:
96 silly resolved      { 'array-uniq': '^1.0.2',
96 silly resolved        async: '^0.9.0',
96 silly resolved        chalk: '^1.0.0',
96 silly resolved        configstore: '^0.3.1',
96 silly resolved        'cross-spawn': '^0.2.3',
96 silly resolved        figures: '^1.3.5',
96 silly resolved        findup: '^0.1.5',
96 silly resolved        fullname: '^1.0.0',
96 silly resolved        got: '^2.4.0',
96 silly resolved        'humanize-string': '^1.0.0',
96 silly resolved        inquirer: '^0.8.0',
96 silly resolved        insight: '^0.5.0',
96 silly resolved        lodash: '^3.2.0',
96 silly resolved        meow: '^3.0.0',
96 silly resolved        'npm-keyword': '^1.1.1',
96 silly resolved        opn: '^1.0.0',
96 silly resolved        'package-json': '^1.1.0',
96 silly resolved        'root-check': '^1.0.0',
96 silly resolved        'sort-on': '^1.0.0',
96 silly resolved        'string-length': '^1.0.0',
96 silly resolved        titleize: '^1.0.0',
96 silly resolved        'update-notifier': '^0.3.0',
96 silly resolved        'user-home': '^1.1.0',
96 silly resolved        'yeoman-character': '^1.0.0',
96 silly resolved        'yeoman-doctor': '^1.0.0',
96 silly resolved        'yeoman-environment': '^1.0.1',
96 silly resolved        yosay: '^1.0.0' },
96 silly resolved     devDependencies:
96 silly resolved      { jshint: '^2.5.11',
96 silly resolved        mocha: '^2.1.0',
96 silly resolved        mockery: '^1.4.0',
96 silly resolved        nock: '^0.59.1',
96 silly resolved        nsp: '*',
96 silly resolved        proxyquire: '^1.0.1',
96 silly resolved        'registry-url': '^3.0.0',
96 silly resolved        sinon: '^1.12.1' },
96 silly resolved     preferGlobal: true,
96 silly resolved     gitHead: '987fe12a608e7b6318c2563a6140583e796d9db5',
96 silly resolved     bugs: { url: 'https://github.com/yeoman/yo/issues' },
96 silly resolved     homepage: 'https://github.com/yeoman/yo',
96 silly resolved     _id: 'yo@1.4.6',
96 silly resolved     _shasum: '16e03e9af7be4805ef6142cdbb1d15f33504b37b',
96 silly resolved     _from: 'yo@',
96 silly resolved     _npmVersion: '1.4.28',
96 silly resolved     _npmUser: { name: 'sindresorhus', email: 'sindresorhus@gmail.com' },
96 silly resolved     maintainers: [ [Object], [Object], [Object], [Object], [Object], [Object] ],
96 silly resolved     dist:
96 silly resolved      { shasum: '16e03e9af7be4805ef6142cdbb1d15f33504b37b',
96 silly resolved        tarball: 'http://registry.npmjs.org/yo/-/yo-1.4.6.tgz' },
96 silly resolved     directories: {},
96 silly resolved     _resolved: 'https://registry.npmjs.org/yo/-/yo-1.4.6.tgz',
96 silly resolved     readme: 'ERROR: No README data found!' },
96 silly resolved   { name: 'coffee-script',
96 silly resolved     description: 'Unfancy JavaScript',
96 silly resolved     keywords: [ 'javascript', 'language', 'coffeescript', 'compiler' ],
96 silly resolved     author: { name: 'Jeremy Ashkenas' },
96 silly resolved     version: '1.9.2',
96 silly resolved     license: 'MIT',
96 silly resolved     engines: { node: '>=0.8.0' },
96 silly resolved     directories: { lib: './lib/coffee-script' },
96 silly resolved     main: './lib/coffee-script/coffee-script',
96 silly resolved     bin: { coffee: './bin/coffee', cake: './bin/cake' },
96 silly resolved     preferGlobal: true,
96 silly resolved     scripts:
96 silly resolved      { test: 'node ./bin/cake test',
96 silly resolved        'test-harmony': 'node --harmony ./bin/cake test' },
96 silly resolved     homepage: 'http://coffeescript.org',
96 silly resolved     bugs: { url: 'https://github.com/jashkenas/coffeescript/issues' },
96 silly resolved     repository:
96 silly resolved      { type: 'git',
96 silly resolved        url: 'git://github.com/jashkenas/coffeescript.git' },
96 silly resolved     devDependencies:
96 silly resolved      { 'uglify-js': '~2.2',
96 silly resolved        jison: '>=0.2.0',
96 silly resolved        'highlight.js': '~8.0.0',
96 silly resolved        underscore: '~1.5.2',
96 silly resolved        docco: '~0.7.0' },
96 silly resolved     gitHead: '46d16b5c4970c6e4d8a8d08caaed16d488a5577d',
96 silly resolved     _id: 'coffee-script@1.9.2',
96 silly resolved     _shasum: '2da4b663c61c6d1d851788aa31f941fc7b63edf3',
96 silly resolved     _from: 'coffee-script@',
96 silly resolved     _npmVersion: '1.4.28',
96 silly resolved     _npmUser: { name: 'jashkenas', email: 'jashkenas@gmail.com' },
96 silly resolved     maintainers: [ [Object], [Object] ],
96 silly resolved     dist:
96 silly resolved      { shasum: '2da4b663c61c6d1d851788aa31f941fc7b63edf3',
96 silly resolved        tarball: 'http://registry.npmjs.org/coffee-script/-/coffee-script-1.9.2.tgz' },
96 silly resolved     _resolved: 'https://registry.npmjs.org/coffee-script/-/coffee-script-1.9.2.tgz',
96 silly resolved     readme: 'ERROR: No README data found!' },
96 silly resolved   { name: 'generator-hubot',
96 silly resolved     version: '0.3.0',
96 silly resolved     description: 'Hubot generator for Yeoman',
96 silly resolved     license: 'MIT',
96 silly resolved     main: 'generators/app/index.js',
96 silly resolved     repository:
96 silly resolved      { type: 'git',
96 silly resolved        url: 'https://github.com/github/generator-hubot' },
96 silly resolved     author:
96 silly resolved      { name: 'Josh Nichols',
96 silly resolved        email: 'josh@technicalpickles.com',
96 silly resolved        url: 'https://github.com/technicalpickles' },
96 silly resolved     engines: { node: '>=0.10.0' },
96 silly resolved     scripts: { test: 'mocha' },
96 silly resolved     files: [ 'generators' ],
96 silly resolved     keywords: [ 'yeoman-generator', 'hubot', 'hubot-script' ],
96 silly resolved     dependencies:
96 silly resolved      { 'yeoman-generator': '^0.17.0',
96 silly resolved        chalk: '^0.5.0',
96 silly resolved        yosay: '^0.3.0',
96 silly resolved        'npm-name': '^1.0.1' },
96 silly resolved     devDependencies:
96 silly resolved      { 'coffee-script': '^1.6.3',
96 silly resolved        grunt: '~0.4.5',
96 silly resolved        'grunt-contrib-watch': '^0.6.1',
96 silly resolved        'grunt-mocha-test': '^0.12.4',
96 silly resolved        'grunt-release': '~0.6.0',
96 silly resolved        matchdep: '~0.1.2',
96 silly resolved        mocha: '*' },
96 silly resolved     peerDependencies: { yo: '>=1.0.0' },
96 silly resolved     gitHead: '8f02d1b29b0f0b64bc22ff3badceb49e48c24e5b',
96 silly resolved     bugs: { url: 'https://github.com/github/generator-hubot/issues' },
96 silly resolved     homepage: 'https://github.com/github/generator-hubot',
96 silly resolved     _id: 'generator-hubot@0.3.0',
96 silly resolved     _shasum: '963cf4eb130574ad859fe8c00f8197148040aaa2',
96 silly resolved     _from: 'generator-hubot@',
96 silly resolved     _npmVersion: '2.1.11',
96 silly resolved     _nodeVersion: '0.10.21',
96 silly resolved     _npmUser: { name: 'technicalpickles', email: 'josh@technicalpickles.com' },
96 silly resolved     maintainers: [ [Object] ],
96 silly resolved     dist:
96 silly resolved      { shasum: '963cf4eb130574ad859fe8c00f8197148040aaa2',
96 silly resolved        tarball: 'http://registry.npmjs.org/generator-hubot/-/generator-hubot-0.3.0.tgz' },
96 silly resolved     directories: {},
96 silly resolved     _resolved: 'https://registry.npmjs.org/generator-hubot/-/generator-hubot-0.3.0.tgz',
96 silly resolved     readme: 'ERROR: No README data found!' } ]
97 info install hubot@2.12.0 into /usr/local/lib
98 info install yo@1.4.6 into /usr/local/lib
99 info install coffee-script@1.9.2 into /usr/local/lib
100 info install generator-hubot@0.3.0 into /usr/local/lib
101 info installOne hubot@2.12.0
102 info installOne yo@1.4.6
103 warn engine yo@1.4.6: wanted: {"node":">=0.10.0","npm":">=2.1.0"} (current: {"node":"0.10.33","npm":"1.4.28"})
104 info installOne coffee-script@1.9.2
105 info installOne generator-hubot@0.3.0
106 verbose lib/node_modules/hubot unbuild
107 verbose lib/node_modules/yo unbuild
108 verbose lib/node_modules/coffee-script unbuild
109 verbose lib/node_modules/generator-hubot unbuild
110 verbose tar unpack /Users/Michael/.npm/hubot/2.12.0/package.tgz
111 silly lockFile 88f12b28-usr-local-lib-node-modules-hubot tar:///usr/local/lib/node_modules/hubot
112 verbose lock tar:///usr/local/lib/node_modules/hubot /Users/Michael/.npm/88f12b28-usr-local-lib-node-modules-hubot.lock
113 silly lockFile dadfc152-ael-npm-hubot-2-12-0-package-tgz tar:///Users/Michael/.npm/hubot/2.12.0/package.tgz
114 verbose lock tar:///Users/Michael/.npm/hubot/2.12.0/package.tgz /Users/Michael/.npm/dadfc152-ael-npm-hubot-2-12-0-package-tgz.lock
115 verbose tar unpack /Users/Michael/.npm/yo/1.4.6/package.tgz
116 silly lockFile 7d7c7bef-ar-usr-local-lib-node-modules-yo tar:///usr/local/lib/node_modules/yo
117 verbose lock tar:///usr/local/lib/node_modules/yo /Users/Michael/.npm/7d7c7bef-ar-usr-local-lib-node-modules-yo.lock
118 silly lockFile 8099b310-Michael-npm-yo-1-4-6-package-tgz tar:///Users/Michael/.npm/yo/1.4.6/package.tgz
119 verbose lock tar:///Users/Michael/.npm/yo/1.4.6/package.tgz /Users/Michael/.npm/8099b310-Michael-npm-yo-1-4-6-package-tgz.lock
120 verbose tar unpack /Users/Michael/.npm/coffee-script/1.9.2/package.tgz
121 silly lockFile 865d9b08-l-lib-node-modules-coffee-script tar:///usr/local/lib/node_modules/coffee-script
122 verbose lock tar:///usr/local/lib/node_modules/coffee-script /Users/Michael/.npm/865d9b08-l-lib-node-modules-coffee-script.lock
123 silly lockFile 68d8ce93--coffee-script-1-9-2-package-tgz tar:///Users/Michael/.npm/coffee-script/1.9.2/package.tgz
124 verbose lock tar:///Users/Michael/.npm/coffee-script/1.9.2/package.tgz /Users/Michael/.npm/68d8ce93--coffee-script-1-9-2-package-tgz.lock
125 verbose tar unpack /Users/Michael/.npm/generator-hubot/0.3.0/package.tgz
126 silly lockFile 6903d81a-lib-node-modules-generator-hubot tar:///usr/local/lib/node_modules/generator-hubot
127 verbose lock tar:///usr/local/lib/node_modules/generator-hubot /Users/Michael/.npm/6903d81a-lib-node-modules-generator-hubot.lock
128 silly lockFile dc599d02-enerator-hubot-0-3-0-package-tgz tar:///Users/Michael/.npm/generator-hubot/0.3.0/package.tgz
129 verbose lock tar:///Users/Michael/.npm/generator-hubot/0.3.0/package.tgz /Users/Michael/.npm/dc599d02-enerator-hubot-0-3-0-package-tgz.lock
130 silly gunzTarPerm modes [ '755', '644' ]
131 silly gunzTarPerm modes [ '755', '644' ]
132 silly gunzTarPerm modes [ '755', '644' ]
133 silly gunzTarPerm modes [ '755', '644' ]
134 error Error: EACCES, mkdir '/usr/local/lib/node_modules/coffee-script'
134 error  { [Error: EACCES, mkdir '/usr/local/lib/node_modules/coffee-script']
134 error   errno: 3,
134 error   code: 'EACCES',
134 error   path: '/usr/local/lib/node_modules/coffee-script',
134 error   fstream_type: 'Directory',
134 error   fstream_path: '/usr/local/lib/node_modules/coffee-script',
134 error   fstream_class: 'DirWriter',
134 error   fstream_stack:
134 error    [ '/usr/local/lib/node_modules/npm/node_modules/fstream/lib/dir-writer.js:36:23',
134 error      '/usr/local/lib/node_modules/npm/node_modules/mkdirp/index.js:46:53',
134 error      'Object.oncomplete (fs.js:107:15)' ] }
135 error Please try running this command again as root/Administrator.
136 error System Darwin 14.0.0
137 error command "node" "/usr/local/bin/npm" "install" "-g" "hubot" "coffee-script" "yo" "generator-hubot"
138 error cwd /Users/Michael/lonobot
139 error node -v v0.10.33
140 error npm -v 1.4.28
141 error path /usr/local/lib/node_modules/coffee-script
142 error fstream_path /usr/local/lib/node_modules/coffee-script
143 error fstream_type Directory
144 error fstream_class DirWriter
145 error code EACCES
146 error errno 3
147 error stack Error: EACCES, mkdir '/usr/local/lib/node_modules/coffee-script'
148 error fstream_stack /usr/local/lib/node_modules/npm/node_modules/fstream/lib/dir-writer.js:36:23
148 error fstream_stack /usr/local/lib/node_modules/npm/node_modules/mkdirp/index.js:46:53
148 error fstream_stack Object.oncomplete (fs.js:107:15)
149 verbose exit [ 3, true ]
